<?xml version="1.0" encoding="UTF-8"?>
<testsuite name="com.cricketlegue.IPLCricketTest" tests="1" skipped="0" failures="0" errors="0" timestamp="2020-03-10T23:28:37" hostname="DESKTOP-PIERT2Q" time="0.535">
  <properties/>
  <testcase name="givenIPLRunsData_whenSorted_ShouldReturnTopStrikeRate" classname="com.cricketlegue.IPLCricketTest" time="0.535"/>
  <system-out><![CDATA[{Marcus Stoinis=com.cricketlegue.IPLCricketDTO@2aa03e96, Umesh Yadav=com.cricketlegue.IPLCricketDTO@1bb09d93, Shimron Hetmyer=com.cricketlegue.IPLCricketDTO@1fdcd36b, Vijay Shankar=com.cricketlegue.IPLCricketDTO@57f8dfbc, Ravindra Jadeja=com.cricketlegue.IPLCricketDTO@7c071f5b, Ishant Sharma=com.cricketlegue.IPLCricketDTO@6344494d, Suresh Raina=com.cricketlegue.IPLCricketDTO@1a7a89c5, Colin Ingram=com.cricketlegue.IPLCricketDTO@b6eb009, AB de Villiers=com.cricketlegue.IPLCricketDTO@4fd78bf8, Kuldeep Yadav=com.cricketlegue.IPLCricketDTO@e98ad6e, David Warner =com.cricketlegue.IPLCricketDTO@406239d9, Evin Lewis=com.cricketlegue.IPLCricketDTO@3ef23724, Rinku Singh=com.cricketlegue.IPLCricketDTO@4d89e349, Chris Morris=com.cricketlegue.IPLCricketDTO@6b1c44b, Sanju Samson=com.cricketlegue.IPLCricketDTO@57cc89b5, Chris Gayle=com.cricketlegue.IPLCricketDTO@78a8df7f, Keemo Paul=com.cricketlegue.IPLCricketDTO@7a39e888, Prithvi Shaw=com.cricketlegue.IPLCricketDTO@72a2e818, Shubman Gill=com.cricketlegue.IPLCricketDTO@411046d8, Kieron Pollard=com.cricketlegue.IPLCricketDTO@7f7d3aa2, Manish Pandey=com.cricketlegue.IPLCricketDTO@4ab5e06d, Dinesh Karthik=com.cricketlegue.IPLCricketDTO@2f32330b, Simran Singh=com.cricketlegue.IPLCricketDTO@6cd786b3, Mohammad Nabi=com.cricketlegue.IPLCricketDTO@7ae909a1, Quinton de Kock=com.cricketlegue.IPLCricketDTO@1f3a2819, Gurkeerat Mann Singh=com.cricketlegue.IPLCricketDTO@21aefa9e, Wriddhiman Saha=com.cricketlegue.IPLCricketDTO@719c1206, Tim Southee=com.cricketlegue.IPLCricketDTO@438ab995, Colin de Grandhomme=com.cricketlegue.IPLCricketDTO@dbe3b1d, KL Rahul=com.cricketlegue.IPLCricketDTO@5b125a3e, Robin Uthappa=com.cricketlegue.IPLCricketDTO@4a8f7f78, Ben Stokes=com.cricketlegue.IPLCricketDTO@5c5f31ad, Faf du Plessis=com.cricketlegue.IPLCricketDTO@20458fe8, Krunal Pandya=com.cricketlegue.IPLCricketDTO@694fe274, Amit Mishra=com.cricketlegue.IPLCricketDTO@588a349a, Hardik Pandya=com.cricketlegue.IPLCricketDTO@7dfdb47f, Shane Watson=com.cricketlegue.IPLCricketDTO@71cb5ee7, Dwayne Bravo=com.cricketlegue.IPLCricketDTO@67015ee8, Kagiso Rabada=com.cricketlegue.IPLCricketDTO@6e269876, Sunil Narine=com.cricketlegue.IPLCricketDTO@7e688781, Steve Smith=com.cricketlegue.IPLCricketDTO@55ffd2cd, Liam Livingstone=com.cricketlegue.IPLCricketDTO@38642084, Nitish Rana=com.cricketlegue.IPLCricketDTO@62dbfad6, Alzarri Joseph=com.cricketlegue.IPLCricketDTO@58b53d83, Shreyas Gopal=com.cricketlegue.IPLCricketDTO@73f7f5e2, Andre Russell=com.cricketlegue.IPLCricketDTO@6a0e8b18, Bhuvneshwar Kumar=com.cricketlegue.IPLCricketDTO@573ec1c5, Akshdeep Nath=com.cricketlegue.IPLCricketDTO@2616b784, Yuvraj Singh=com.cricketlegue.IPLCricketDTO@6a020e41, Carlos Brathwaite=com.cricketlegue.IPLCricketDTO@744a1e52, Shivam Dube=com.cricketlegue.IPLCricketDTO@55dbc9f7, Jonny Bairstow=com.cricketlegue.IPLCricketDTO@46e2ee5f, Mandeep Singh=com.cricketlegue.IPLCricketDTO@3ce890c4, Jofra Archer=com.cricketlegue.IPLCricketDTO@1874a185, Murali Vijay=com.cricketlegue.IPLCricketDTO@13eb470d, Prayas Ray Barman=com.cricketlegue.IPLCricketDTO@422ac339, Rohit Sharma=com.cricketlegue.IPLCricketDTO@3a3c1508, Deepak Hooda=com.cricketlegue.IPLCricketDTO@7f9e343, Nicholas Pooran=com.cricketlegue.IPLCricketDTO@4e630f9e, Riyan Parag=com.cricketlegue.IPLCricketDTO@5a442e60, Pawan Negi=com.cricketlegue.IPLCricketDTO@af475, Rahul Tewatia=com.cricketlegue.IPLCricketDTO@48a1eccc, MS Dhoni=com.cricketlegue.IPLCricketDTO@1e6805b9, Ben Cutting=com.cricketlegue.IPLCricketDTO@65a40f3a, Suryakumar Yadav=com.cricketlegue.IPLCricketDTO@325af6a7, Mitchell McClenaghan=com.cricketlegue.IPLCricketDTO@75dabbac, Rashid Khan=com.cricketlegue.IPLCricketDTO@2b413d63, Moeen Ali=com.cricketlegue.IPLCricketDTO@6ed92aee, Ajinkya Rahane=com.cricketlegue.IPLCricketDTO@bd3165c, Virat Kohli=com.cricketlegue.IPLCricketDTO@2b74cb51, Parthiv Patel=com.cricketlegue.IPLCricketDTO@97c5179, Harpreet Brar=com.cricketlegue.IPLCricketDTO@2ed584e2, Piyush Chawla=com.cricketlegue.IPLCricketDTO@3d271692, Ambati Rayudu=com.cricketlegue.IPLCricketDTO@30046c24, Rahul Chahar=com.cricketlegue.IPLCricketDTO@5b1814c4, Shardul Thakur=com.cricketlegue.IPLCricketDTO@596879d1, Rishabh Pant=com.cricketlegue.IPLCricketDTO@5c7e77e8, Kane Williamson=com.cricketlegue.IPLCricketDTO@4f88550f, Kedar Jadhav=com.cricketlegue.IPLCricketDTO@54adc60e, Krishnappa Gowtham=com.cricketlegue.IPLCricketDTO@4e919bbb, Axar Patel=com.cricketlegue.IPLCricketDTO@61ff74b6, Rahul Tripathi=com.cricketlegue.IPLCricketDTO@6c5275ab, Shakib Al Hasan=com.cricketlegue.IPLCricketDTO@56f54399, Sarfaraz Khan=com.cricketlegue.IPLCricketDTO@14fb56bf, Yusuf Pathan=com.cricketlegue.IPLCricketDTO@e3bda52, Sherfane Rutherford=com.cricketlegue.IPLCricketDTO@71bb0913, Shikhar Dhawan=com.cricketlegue.IPLCricketDTO@d2e6536, Stuart Binny=com.cricketlegue.IPLCricketDTO@432e8482, Ishan Kishan=com.cricketlegue.IPLCricketDTO@13172fff, Sam Curran=com.cricketlegue.IPLCricketDTO@3a4d5f1f, Colin Munro=com.cricketlegue.IPLCricketDTO@44348ab5, Jos Buttler=com.cricketlegue.IPLCricketDTO@73091c25, Chris Lynn=com.cricketlegue.IPLCricketDTO@594bad6c, Mayank Agarwal=com.cricketlegue.IPLCricketDTO@9aeb4fd, David Miller=com.cricketlegue.IPLCricketDTO@692ff65f, Ravichandran Ashwin=com.cricketlegue.IPLCricketDTO@52fc376b, Siddhesh Lad=com.cricketlegue.IPLCricketDTO@56d8c095, Mitchell Santner=com.cricketlegue.IPLCricketDTO@2aad8fef, Martin Guptill=com.cricketlegue.IPLCricketDTO@3ca609eb, Shreyas Iyer=com.cricketlegue.IPLCricketDTO@fd2267b}
]]></system-out>
  <system-err><![CDATA[]]></system-err>
</testsuite>
