<?xml version="1.0" encoding="UTF-8"?>
<testsuite name="com.cricketlegue.IPLCricketTest" tests="10" skipped="0" failures="0" errors="0" timestamp="2020-03-12T03:28:16" hostname="DESKTOP-PIERT2Q" time="1.723">
  <properties/>
  <testcase name="givenIPLRunsData_whenSorted_ShouldReturnStrikkingRate" classname="com.cricketlegue.IPLCricketTest" time="0.463"/>
  <testcase name="givenIPLRunsData_whenSortedByStrikeRate_ShouldReturnTopAverage" classname="com.cricketlegue.IPLCricketTest" time="0.146"/>
  <testcase name="givenIPLRunsData_whenSortedByRuns_ShouldReturnTopAverage" classname="com.cricketlegue.IPLCricketTest" time="0.112"/>
  <testcase name="givenIplWicketsData_WhenSorted_ShouldReturnBestEconomyRate" classname="com.cricketlegue.IPLCricketTest" time="0.173"/>
  <testcase name="givenIPLRunsData_whenSorted_ShouldReturnMaxSixAndFour" classname="com.cricketlegue.IPLCricketTest" time="0.128"/>
  <testcase name="givenMostRunFile_WhenSorted_ShouldReturnTopRunAverage" classname="com.cricketlegue.IPLCricketTest" time="0.122"/>
  <testcase name="givenIPLRunsData_whenSortedOn6And4_ShouldReturnTopStrikeRate" classname="com.cricketlegue.IPLCricketTest" time="0.135"/>
  <testcase name="givenIplWicketsData_WhenSorted_ShouldReturnTopStrikingRateWith5WAnd4W" classname="com.cricketlegue.IPLCricketTest" time="0.117"/>
  <testcase name="givenIplWicketsData_WhenSorted_ShouldReturnTopStrikeRate" classname="com.cricketlegue.IPLCricketTest" time="0.159"/>
  <testcase name="givenIplWicketsData_WhenSorted_ShouldReturnTopAverage" classname="com.cricketlegue.IPLCricketTest" time="0.156"/>
  <system-out><![CDATA[]]></system-out>
  <system-err><![CDATA[]]></system-err>
</testsuite>
