<?xml version="1.0" encoding="UTF-8"?>
<testsuite name="com.cricketlegue.IPLCricketTest" tests="3" skipped="0" failures="0" errors="0" timestamp="2020-03-10T20:28:08" hostname="DESKTOP-PIERT2Q" time="0.837">
  <properties/>
  <testcase name="givenIncorrectRunsFile_ShouldThrowException" classname="com.cricketlegue.IPLCricketTest" time="0.576"/>
  <testcase name="givenMostRunFile_ShouldReturnCorrectData" classname="com.cricketlegue.IPLCricketTest" time="0.15"/>
  <testcase name="givenMostRunFile_ShouldReturnTopRunAverage" classname="com.cricketlegue.IPLCricketTest" time="0.11"/>
  <system-out><![CDATA[]]></system-out>
  <system-err><![CDATA[]]></system-err>
</testsuite>
