<?xml version="1.0" encoding="UTF-8"?>
<testsuite name="com.cricketlegue.IPLCricketTest" tests="1" skipped="0" failures="0" errors="0" timestamp="2020-03-12T01:21:07" hostname="DESKTOP-PIERT2Q" time="0.539">
  <properties/>
  <testcase name="givenIplWicketsData_WhenSorted_ShouldReturnBestEconomyRate" classname="com.cricketlegue.IPLCricketTest" time="0.539"/>
  <system-out><![CDATA[]]></system-out>
  <system-err><![CDATA[]]></system-err>
</testsuite>
